<?xml version="1.0" encoding="UTF-8"?>
<!-- Generated by org.testng.reporters.JUnitXMLReporter -->
<testsuite ignored="0" hostname="DESKTOP-FTHOGM6" failures="0" tests="4" name="Test_Edge" time="17.156" errors="0" timestamp="2023-12-27T16:58:37 IST">
  <testcase classname="testcase.LoginTests" name="Valid_LoginTest" time="5.135"/>
  <testcase classname="testcase.LoginTests" name="Invalid_Username_Test" time="0.433"/>
  <testcase classname="testcase.LoginTests" name="Invalid_Password_Test" time="0.467"/>
  <testcase classname="testcase.LoginTests" name="Invalid_LoginTest" time="0.385"/>
</testsuite> <!-- Test_Edge -->
