<?xml version="1.0" encoding="UTF-8"?>
<!-- Generated by org.testng.reporters.JUnitXMLReporter -->
<testsuite ignored="0" hostname="DESKTOP-FTHOGM6" failures="0" tests="4" name="Test_Chrome" time="92.017" errors="0" timestamp="2023-12-27T13:12:16 IST">
  <testcase classname="testcase.EmployeeTest" name="verifyEmployeeDetailsByPassingFirstTwoDatas" time="5.897"/>
  <testcase classname="testcase.EmployeeTest" name="verifyEmployeeDetailsByPAssingOnlyTheFirstName" time="7.147"/>
  <testcase classname="testcase.EmployeeTest" name="verifyEmployeeDetailsWithoutPassingAnyData" time="8.857"/>
  <testcase classname="testcase.EmployeeTest" name="veriftEmployeeDetailsByPassingAllTheDatas" time="10.794"/>
</testsuite> <!-- Test_Chrome -->
