<?xml version="1.0" encoding="UTF-8"?>
<!-- Generated by org.testng.reporters.JUnitXMLReporter -->
<testsuite ignored="0" hostname="DESKTOP-FTHOGM6" failures="0" tests="13" name="Test_Chrome" time="130.385" errors="0" timestamp="2023-12-27T22:58:01 IST">
  <testcase classname="testcase.OrganisationTests" name="ValidatingOrganisationTestNotSavedWithoutPassingAnuData" time="6.822"/>
  <testcase classname="testcase.OrganisationTests" name="ValidatingOrganisationTestNotSavedByPassingOnlyNameData" time="5.809"/>
  <testcase classname="testcase.OrganisationTests" name="ValidatingOrganisationTestSavedByPassingAllTheDatas" time="6.999"/>
  <testcase classname="testcase.AttendanceTest" name="ValidateAttendanceCheckedBasedOnDate" time="6.812"/>
  <testcase classname="testcase.EmployeeTest" name="ValidatingEmployeeDetailsNotSavedByPassingFirstTwoDatas" time="6.0"/>
  <testcase classname="testcase.EmployeeTest" name="ValidatingEmployeeDetailsNotSavedByPassingOnlyTheFirstName" time="6.174"/>
  <testcase classname="testcase.EmployeeTest" name="ValidatingEmployeeDetailsNotSavedWithoutPassingAnyData" time="6.444"/>
  <testcase classname="testcase.EmployeeTest" name="ValidatingEmployeeDetailsSavedByPassingAllTheDatas" time="7.74"/>
  <testcase classname="testcase.FileManagerTest" name="ValidatingDataSavedByUploadingFile" time="26.2"/>
  <testcase classname="testcase.LoginTests" name="Valid_LoginTest" time="4.006"/>
  <testcase classname="testcase.LoginTests" name="Invalid_Username_Test" time="0.585"/>
  <testcase classname="testcase.LoginTests" name="Invalid_Password_Test" time="0.345"/>
  <testcase classname="testcase.LoginTests" name="Invalid_LoginTest" time="0.306"/>
</testsuite> <!-- Test_Chrome -->
