<?xml version="1.0" encoding="UTF-8"?>
<testng-results ignored="0" total="4" passed="4" failed="0" skipped="0">
  <reporter-output>
  </reporter-output>
  <suite started-at="2023-12-27T13:10:44 IST" name="Suite" finished-at="2023-12-27T13:12:16 IST" duration-ms="92017">
    <groups>
    </groups>
    <test started-at="2023-12-27T13:10:44 IST" name="Test_Chrome" finished-at="2023-12-27T13:12:16 IST" duration-ms="92017">
      <class name="testcase.EmployeeTest">
        <test-method is-config="true" signature="setUp(java.lang.String,java.lang.String)[pri:0, instance:testcase.EmployeeTest@16eccb2e]" started-at="2023-12-27T13:10:44 IST" name="setUp" finished-at="2023-12-27T13:11:31 IST" duration-ms="47130" status="PASS">
          <params>
            <param index="0">
              <value>
                <![CDATA[chrome]]>
              </value>
            </param>
            <param index="1">
              <value>
                <![CDATA[https://hrm.qabible.in/hrms/admin]]>
              </value>
            </param>
          </params>
          <reporter-output>
          </reporter-output>
        </test-method> <!-- setUp -->
        <test-method signature="verifyEmployeeDetailsByPassingFirstTwoDatas()[pri:1, instance:testcase.EmployeeTest@16eccb2e]" started-at="2023-12-27T13:11:31 IST" name="verifyEmployeeDetailsByPassingFirstTwoDatas" finished-at="2023-12-27T13:11:37 IST" duration-ms="5897" status="PASS">
          <reporter-output>
          </reporter-output>
        </test-method> <!-- verifyEmployeeDetailsByPassingFirstTwoDatas -->
        <test-method is-config="true" signature="takeScreenshotOnFailure(org.testng.ITestResult)[pri:0, instance:testcase.EmployeeTest@16eccb2e]" started-at="2023-12-27T13:11:37 IST" name="takeScreenshotOnFailure" finished-at="2023-12-27T13:11:37 IST" duration-ms="233" status="PASS">
          <params>
            <param index="0">
              <value>
                <![CDATA[[TestResult name=verifyEmployeeDetailsByPassingFirstTwoDatas status=SUCCESS method=EmployeeTest.verifyEmployeeDetailsByPassingFirstTwoDatas()[pri:1, instance:testcase.EmployeeTest@16eccb2e] output={null}]]]>
              </value>
            </param>
          </params>
          <reporter-output>
          </reporter-output>
        </test-method> <!-- takeScreenshotOnFailure -->
        <test-method is-config="true" signature="setUp(java.lang.String,java.lang.String)[pri:0, instance:testcase.EmployeeTest@16eccb2e]" started-at="2023-12-27T13:11:37 IST" name="setUp" finished-at="2023-12-27T13:11:42 IST" duration-ms="4917" status="PASS">
          <params>
            <param index="0">
              <value>
                <![CDATA[chrome]]>
              </value>
            </param>
            <param index="1">
              <value>
                <![CDATA[https://hrm.qabible.in/hrms/admin]]>
              </value>
            </param>
          </params>
          <reporter-output>
          </reporter-output>
        </test-method> <!-- setUp -->
        <test-method signature="verifyEmployeeDetailsByPAssingOnlyTheFirstName()[pri:2, instance:testcase.EmployeeTest@16eccb2e]" started-at="2023-12-27T13:11:42 IST" name="verifyEmployeeDetailsByPAssingOnlyTheFirstName" finished-at="2023-12-27T13:11:49 IST" duration-ms="7147" status="PASS">
          <reporter-output>
          </reporter-output>
        </test-method> <!-- verifyEmployeeDetailsByPAssingOnlyTheFirstName -->
        <test-method is-config="true" signature="takeScreenshotOnFailure(org.testng.ITestResult)[pri:0, instance:testcase.EmployeeTest@16eccb2e]" started-at="2023-12-27T13:11:49 IST" name="takeScreenshotOnFailure" finished-at="2023-12-27T13:11:49 IST" duration-ms="231" status="PASS">
          <params>
            <param index="0">
              <value>
                <![CDATA[[TestResult name=verifyEmployeeDetailsByPAssingOnlyTheFirstName status=SUCCESS method=EmployeeTest.verifyEmployeeDetailsByPAssingOnlyTheFirstName()[pri:2, instance:testcase.EmployeeTest@16eccb2e] output={null}]]]>
              </value>
            </param>
          </params>
          <reporter-output>
          </reporter-output>
        </test-method> <!-- takeScreenshotOnFailure -->
        <test-method is-config="true" signature="setUp(java.lang.String,java.lang.String)[pri:0, instance:testcase.EmployeeTest@16eccb2e]" started-at="2023-12-27T13:11:49 IST" name="setUp" finished-at="2023-12-27T13:11:53 IST" duration-ms="4010" status="PASS">
          <params>
            <param index="0">
              <value>
                <![CDATA[chrome]]>
              </value>
            </param>
            <param index="1">
              <value>
                <![CDATA[https://hrm.qabible.in/hrms/admin]]>
              </value>
            </param>
          </params>
          <reporter-output>
          </reporter-output>
        </test-method> <!-- setUp -->
        <test-method signature="verifyEmployeeDetailsWithoutPassingAnyData()[pri:3, instance:testcase.EmployeeTest@16eccb2e]" started-at="2023-12-27T13:11:53 IST" name="verifyEmployeeDetailsWithoutPassingAnyData" finished-at="2023-12-27T13:12:02 IST" duration-ms="8857" status="PASS">
          <reporter-output>
          </reporter-output>
        </test-method> <!-- verifyEmployeeDetailsWithoutPassingAnyData -->
        <test-method is-config="true" signature="takeScreenshotOnFailure(org.testng.ITestResult)[pri:0, instance:testcase.EmployeeTest@16eccb2e]" started-at="2023-12-27T13:12:02 IST" name="takeScreenshotOnFailure" finished-at="2023-12-27T13:12:02 IST" duration-ms="183" status="PASS">
          <params>
            <param index="0">
              <value>
                <![CDATA[[TestResult name=verifyEmployeeDetailsWithoutPassingAnyData status=SUCCESS method=EmployeeTest.verifyEmployeeDetailsWithoutPassingAnyData()[pri:3, instance:testcase.EmployeeTest@16eccb2e] output={null}]]]>
              </value>
            </param>
          </params>
          <reporter-output>
          </reporter-output>
        </test-method> <!-- takeScreenshotOnFailure -->
        <test-method is-config="true" signature="setUp(java.lang.String,java.lang.String)[pri:0, instance:testcase.EmployeeTest@16eccb2e]" started-at="2023-12-27T13:12:02 IST" name="setUp" finished-at="2023-12-27T13:12:05 IST" duration-ms="2309" status="PASS">
          <params>
            <param index="0">
              <value>
                <![CDATA[chrome]]>
              </value>
            </param>
            <param index="1">
              <value>
                <![CDATA[https://hrm.qabible.in/hrms/admin]]>
              </value>
            </param>
          </params>
          <reporter-output>
          </reporter-output>
        </test-method> <!-- setUp -->
        <test-method signature="veriftEmployeeDetailsByPassingAllTheDatas()[pri:4, instance:testcase.EmployeeTest@16eccb2e]" started-at="2023-12-27T13:12:05 IST" name="veriftEmployeeDetailsByPassingAllTheDatas" finished-at="2023-12-27T13:12:15 IST" duration-ms="10794" status="PASS">
          <reporter-output>
          </reporter-output>
        </test-method> <!-- veriftEmployeeDetailsByPassingAllTheDatas -->
        <test-method is-config="true" signature="takeScreenshotOnFailure(org.testng.ITestResult)[pri:0, instance:testcase.EmployeeTest@16eccb2e]" started-at="2023-12-27T13:12:15 IST" name="takeScreenshotOnFailure" finished-at="2023-12-27T13:12:16 IST" duration-ms="200" status="PASS">
          <params>
            <param index="0">
              <value>
                <![CDATA[[TestResult name=veriftEmployeeDetailsByPassingAllTheDatas status=SUCCESS method=EmployeeTest.veriftEmployeeDetailsByPassingAllTheDatas()[pri:4, instance:testcase.EmployeeTest@16eccb2e] output={null}]]]>
              </value>
            </param>
          </params>
          <reporter-output>
          </reporter-output>
        </test-method> <!-- takeScreenshotOnFailure -->
      </class> <!-- testcase.EmployeeTest -->
    </test> <!-- Test_Chrome -->
  </suite> <!-- Suite -->
</testng-results>
