<?xml version="1.0" encoding="UTF-8"?>
<testng-results ignored="0" total="13" passed="13" failed="0" skipped="0">
  <reporter-output>
  </reporter-output>
  <suite started-at="2023-12-27T22:55:50 IST" name="Suite" finished-at="2023-12-27T22:58:00 IST" duration-ms="130385">
    <groups>
    </groups>
    <test started-at="2023-12-27T22:55:50 IST" name="Test_Chrome" finished-at="2023-12-27T22:58:00 IST" duration-ms="130385">
      <class name="testcase.FileManagerTest">
        <test-method is-config="true" signature="setUp(java.lang.String,java.lang.String)[pri:0, instance:testcase.FileManagerTest@2f67b837]" started-at="2023-12-27T22:57:11 IST" name="setUp" finished-at="2023-12-27T22:57:15 IST" duration-ms="3788" status="PASS">
          <params>
            <param index="0">
              <value>
                <![CDATA[chrome]]>
              </value>
            </param>
            <param index="1">
              <value>
                <![CDATA[https://hrm.qabible.in/hrms/admin]]>
              </value>
            </param>
          </params>
          <reporter-output>
          </reporter-output>
        </test-method> <!-- setUp -->
        <test-method signature="ValidatingDataSavedByUploadingFile()[pri:0, instance:testcase.FileManagerTest@2f67b837]" started-at="2023-12-27T22:57:15 IST" name="ValidatingDataSavedByUploadingFile" finished-at="2023-12-27T22:57:41 IST" duration-ms="26200" status="PASS">
          <reporter-output>
          </reporter-output>
        </test-method> <!-- ValidatingDataSavedByUploadingFile -->
        <test-method is-config="true" signature="takeScreenshotOnFailure(org.testng.ITestResult)[pri:0, instance:testcase.FileManagerTest@2f67b837]" started-at="2023-12-27T22:57:41 IST" name="takeScreenshotOnFailure" finished-at="2023-12-27T22:57:42 IST" duration-ms="190" status="PASS">
          <params>
            <param index="0">
              <value>
                <![CDATA[[TestResult name=ValidatingDataSavedByUploadingFile status=SUCCESS method=FileManagerTest.ValidatingDataSavedByUploadingFile()[pri:0, instance:testcase.FileManagerTest@2f67b837] output={null}]]]>
              </value>
            </param>
          </params>
          <reporter-output>
          </reporter-output>
        </test-method> <!-- takeScreenshotOnFailure -->
      </class> <!-- testcase.FileManagerTest -->
      <class name="testcase.AttendanceTest">
        <test-method is-config="true" signature="setUp(java.lang.String,java.lang.String)[pri:0, instance:testcase.AttendanceTest@74589991]" started-at="2023-12-27T22:56:22 IST" name="setUp" finished-at="2023-12-27T22:56:25 IST" duration-ms="2905" status="PASS">
          <params>
            <param index="0">
              <value>
                <![CDATA[chrome]]>
              </value>
            </param>
            <param index="1">
              <value>
                <![CDATA[https://hrm.qabible.in/hrms/admin]]>
              </value>
            </param>
          </params>
          <reporter-output>
          </reporter-output>
        </test-method> <!-- setUp -->
        <test-method signature="ValidateAttendanceCheckedBasedOnDate()[pri:1, instance:testcase.AttendanceTest@74589991]" started-at="2023-12-27T22:56:25 IST" name="ValidateAttendanceCheckedBasedOnDate" finished-at="2023-12-27T22:56:31 IST" duration-ms="6812" status="PASS">
          <reporter-output>
          </reporter-output>
        </test-method> <!-- ValidateAttendanceCheckedBasedOnDate -->
        <test-method is-config="true" signature="takeScreenshotOnFailure(org.testng.ITestResult)[pri:0, instance:testcase.AttendanceTest@74589991]" started-at="2023-12-27T22:56:31 IST" name="takeScreenshotOnFailure" finished-at="2023-12-27T22:56:32 IST" duration-ms="297" status="PASS">
          <params>
            <param index="0">
              <value>
                <![CDATA[[TestResult name=ValidateAttendanceCheckedBasedOnDate status=SUCCESS method=AttendanceTest.ValidateAttendanceCheckedBasedOnDate()[pri:1, instance:testcase.AttendanceTest@74589991] output={null}]]]>
              </value>
            </param>
          </params>
          <reporter-output>
          </reporter-output>
        </test-method> <!-- takeScreenshotOnFailure -->
      </class> <!-- testcase.AttendanceTest -->
      <class name="testcase.LoginTests">
        <test-method is-config="true" signature="setUp(java.lang.String,java.lang.String)[pri:0, instance:testcase.LoginTests@1869fbd2]" started-at="2023-12-27T22:57:42 IST" name="setUp" finished-at="2023-12-27T22:57:45 IST" duration-ms="3584" status="PASS">
          <params>
            <param index="0">
              <value>
                <![CDATA[chrome]]>
              </value>
            </param>
            <param index="1">
              <value>
                <![CDATA[https://hrm.qabible.in/hrms/admin]]>
              </value>
            </param>
          </params>
          <reporter-output>
          </reporter-output>
        </test-method> <!-- setUp -->
        <test-method signature="Valid_LoginTest()[pri:1, instance:testcase.LoginTests@1869fbd2]" started-at="2023-12-27T22:57:45 IST" name="Valid_LoginTest" finished-at="2023-12-27T22:57:49 IST" duration-ms="4006" status="PASS">
          <reporter-output>
          </reporter-output>
        </test-method> <!-- Valid_LoginTest -->
        <test-method is-config="true" signature="takeScreenshotOnFailure(org.testng.ITestResult)[pri:0, instance:testcase.LoginTests@1869fbd2]" started-at="2023-12-27T22:57:49 IST" name="takeScreenshotOnFailure" finished-at="2023-12-27T22:57:49 IST" duration-ms="192" status="PASS">
          <params>
            <param index="0">
              <value>
                <![CDATA[[TestResult name=Valid_LoginTest status=SUCCESS method=LoginTests.Valid_LoginTest()[pri:1, instance:testcase.LoginTests@1869fbd2] output={null}]]]>
              </value>
            </param>
          </params>
          <reporter-output>
          </reporter-output>
        </test-method> <!-- takeScreenshotOnFailure -->
        <test-method is-config="true" signature="setUp(java.lang.String,java.lang.String)[pri:0, instance:testcase.LoginTests@1869fbd2]" started-at="2023-12-27T22:57:49 IST" name="setUp" finished-at="2023-12-27T22:57:52 IST" duration-ms="2875" status="PASS">
          <params>
            <param index="0">
              <value>
                <![CDATA[chrome]]>
              </value>
            </param>
            <param index="1">
              <value>
                <![CDATA[https://hrm.qabible.in/hrms/admin]]>
              </value>
            </param>
          </params>
          <reporter-output>
          </reporter-output>
        </test-method> <!-- setUp -->
        <test-method signature="Invalid_Username_Test()[pri:2, instance:testcase.LoginTests@1869fbd2]" started-at="2023-12-27T22:57:52 IST" name="Invalid_Username_Test" finished-at="2023-12-27T22:57:53 IST" duration-ms="585" status="PASS">
          <reporter-output>
          </reporter-output>
        </test-method> <!-- Invalid_Username_Test -->
        <test-method is-config="true" signature="takeScreenshotOnFailure(org.testng.ITestResult)[pri:0, instance:testcase.LoginTests@1869fbd2]" started-at="2023-12-27T22:57:53 IST" name="takeScreenshotOnFailure" finished-at="2023-12-27T22:57:53 IST" duration-ms="251" status="PASS">
          <params>
            <param index="0">
              <value>
                <![CDATA[[TestResult name=Invalid_Username_Test status=SUCCESS method=LoginTests.Invalid_Username_Test()[pri:2, instance:testcase.LoginTests@1869fbd2] output={null}]]]>
              </value>
            </param>
          </params>
          <reporter-output>
          </reporter-output>
        </test-method> <!-- takeScreenshotOnFailure -->
        <test-method is-config="true" signature="setUp(java.lang.String,java.lang.String)[pri:0, instance:testcase.LoginTests@1869fbd2]" started-at="2023-12-27T22:57:53 IST" name="setUp" finished-at="2023-12-27T22:57:56 IST" duration-ms="2985" status="PASS">
          <params>
            <param index="0">
              <value>
                <![CDATA[chrome]]>
              </value>
            </param>
            <param index="1">
              <value>
                <![CDATA[https://hrm.qabible.in/hrms/admin]]>
              </value>
            </param>
          </params>
          <reporter-output>
          </reporter-output>
        </test-method> <!-- setUp -->
        <test-method signature="Invalid_Password_Test()[pri:3, instance:testcase.LoginTests@1869fbd2]" started-at="2023-12-27T22:57:56 IST" name="Invalid_Password_Test" finished-at="2023-12-27T22:57:56 IST" duration-ms="345" status="PASS">
          <reporter-output>
          </reporter-output>
        </test-method> <!-- Invalid_Password_Test -->
        <test-method is-config="true" signature="takeScreenshotOnFailure(org.testng.ITestResult)[pri:0, instance:testcase.LoginTests@1869fbd2]" started-at="2023-12-27T22:57:56 IST" name="takeScreenshotOnFailure" finished-at="2023-12-27T22:57:57 IST" duration-ms="208" status="PASS">
          <params>
            <param index="0">
              <value>
                <![CDATA[[TestResult name=Invalid_Password_Test status=SUCCESS method=LoginTests.Invalid_Password_Test()[pri:3, instance:testcase.LoginTests@1869fbd2] output={null}]]]>
              </value>
            </param>
          </params>
          <reporter-output>
          </reporter-output>
        </test-method> <!-- takeScreenshotOnFailure -->
        <test-method is-config="true" signature="setUp(java.lang.String,java.lang.String)[pri:0, instance:testcase.LoginTests@1869fbd2]" started-at="2023-12-27T22:57:57 IST" name="setUp" finished-at="2023-12-27T22:58:00 IST" duration-ms="3104" status="PASS">
          <params>
            <param index="0">
              <value>
                <![CDATA[chrome]]>
              </value>
            </param>
            <param index="1">
              <value>
                <![CDATA[https://hrm.qabible.in/hrms/admin]]>
              </value>
            </param>
          </params>
          <reporter-output>
          </reporter-output>
        </test-method> <!-- setUp -->
        <test-method signature="Invalid_LoginTest()[pri:4, instance:testcase.LoginTests@1869fbd2]" started-at="2023-12-27T22:58:00 IST" name="Invalid_LoginTest" finished-at="2023-12-27T22:58:00 IST" duration-ms="306" status="PASS">
          <reporter-output>
          </reporter-output>
        </test-method> <!-- Invalid_LoginTest -->
        <test-method is-config="true" signature="takeScreenshotOnFailure(org.testng.ITestResult)[pri:0, instance:testcase.LoginTests@1869fbd2]" started-at="2023-12-27T22:58:00 IST" name="takeScreenshotOnFailure" finished-at="2023-12-27T22:58:00 IST" duration-ms="191" status="PASS">
          <params>
            <param index="0">
              <value>
                <![CDATA[[TestResult name=Invalid_LoginTest status=SUCCESS method=LoginTests.Invalid_LoginTest()[pri:4, instance:testcase.LoginTests@1869fbd2] output={null}]]]>
              </value>
            </param>
          </params>
          <reporter-output>
          </reporter-output>
        </test-method> <!-- takeScreenshotOnFailure -->
      </class> <!-- testcase.LoginTests -->
      <class name="testcase.EmployeeTest">
        <test-method is-config="true" signature="setUp(java.lang.String,java.lang.String)[pri:0, instance:testcase.EmployeeTest@1fc32e4f]" started-at="2023-12-27T22:56:32 IST" name="setUp" finished-at="2023-12-27T22:56:35 IST" duration-ms="3529" status="PASS">
          <params>
            <param index="0">
              <value>
                <![CDATA[chrome]]>
              </value>
            </param>
            <param index="1">
              <value>
                <![CDATA[https://hrm.qabible.in/hrms/admin]]>
              </value>
            </param>
          </params>
          <reporter-output>
          </reporter-output>
        </test-method> <!-- setUp -->
        <test-method signature="ValidatingEmployeeDetailsNotSavedByPassingFirstTwoDatas()[pri:1, instance:testcase.EmployeeTest@1fc32e4f]" started-at="2023-12-27T22:56:35 IST" name="ValidatingEmployeeDetailsNotSavedByPassingFirstTwoDatas" finished-at="2023-12-27T22:56:41 IST" duration-ms="6000" status="PASS">
          <reporter-output>
          </reporter-output>
        </test-method> <!-- ValidatingEmployeeDetailsNotSavedByPassingFirstTwoDatas -->
        <test-method is-config="true" signature="takeScreenshotOnFailure(org.testng.ITestResult)[pri:0, instance:testcase.EmployeeTest@1fc32e4f]" started-at="2023-12-27T22:56:41 IST" name="takeScreenshotOnFailure" finished-at="2023-12-27T22:56:41 IST" duration-ms="235" status="PASS">
          <params>
            <param index="0">
              <value>
                <![CDATA[[TestResult name=ValidatingEmployeeDetailsNotSavedByPassingFirstTwoDatas status=SUCCESS method=EmployeeTest.ValidatingEmployeeDetailsNotSavedByPassingFirstTwoDatas()[pri:1, instance:testcase.EmployeeTest@1fc32e4f] output={null}]]]>
              </value>
            </param>
          </params>
          <reporter-output>
          </reporter-output>
        </test-method> <!-- takeScreenshotOnFailure -->
        <test-method is-config="true" signature="setUp(java.lang.String,java.lang.String)[pri:0, instance:testcase.EmployeeTest@1fc32e4f]" started-at="2023-12-27T22:56:41 IST" name="setUp" finished-at="2023-12-27T22:56:45 IST" duration-ms="3123" status="PASS">
          <params>
            <param index="0">
              <value>
                <![CDATA[chrome]]>
              </value>
            </param>
            <param index="1">
              <value>
                <![CDATA[https://hrm.qabible.in/hrms/admin]]>
              </value>
            </param>
          </params>
          <reporter-output>
          </reporter-output>
        </test-method> <!-- setUp -->
        <test-method signature="ValidatingEmployeeDetailsNotSavedByPassingOnlyTheFirstName()[pri:2, instance:testcase.EmployeeTest@1fc32e4f]" started-at="2023-12-27T22:56:45 IST" name="ValidatingEmployeeDetailsNotSavedByPassingOnlyTheFirstName" finished-at="2023-12-27T22:56:51 IST" duration-ms="6174" status="PASS">
          <reporter-output>
          </reporter-output>
        </test-method> <!-- ValidatingEmployeeDetailsNotSavedByPassingOnlyTheFirstName -->
        <test-method is-config="true" signature="takeScreenshotOnFailure(org.testng.ITestResult)[pri:0, instance:testcase.EmployeeTest@1fc32e4f]" started-at="2023-12-27T22:56:51 IST" name="takeScreenshotOnFailure" finished-at="2023-12-27T22:56:51 IST" duration-ms="185" status="PASS">
          <params>
            <param index="0">
              <value>
                <![CDATA[[TestResult name=ValidatingEmployeeDetailsNotSavedByPassingOnlyTheFirstName status=SUCCESS method=EmployeeTest.ValidatingEmployeeDetailsNotSavedByPassingOnlyTheFirstName()[pri:2, instance:testcase.EmployeeTest@1fc32e4f] output={null}]]]>
              </value>
            </param>
          </params>
          <reporter-output>
          </reporter-output>
        </test-method> <!-- takeScreenshotOnFailure -->
        <test-method is-config="true" signature="setUp(java.lang.String,java.lang.String)[pri:0, instance:testcase.EmployeeTest@1fc32e4f]" started-at="2023-12-27T22:56:51 IST" name="setUp" finished-at="2023-12-27T22:56:54 IST" duration-ms="2863" status="PASS">
          <params>
            <param index="0">
              <value>
                <![CDATA[chrome]]>
              </value>
            </param>
            <param index="1">
              <value>
                <![CDATA[https://hrm.qabible.in/hrms/admin]]>
              </value>
            </param>
          </params>
          <reporter-output>
          </reporter-output>
        </test-method> <!-- setUp -->
        <test-method signature="ValidatingEmployeeDetailsNotSavedWithoutPassingAnyData()[pri:3, instance:testcase.EmployeeTest@1fc32e4f]" started-at="2023-12-27T22:56:54 IST" name="ValidatingEmployeeDetailsNotSavedWithoutPassingAnyData" finished-at="2023-12-27T22:57:00 IST" duration-ms="6444" status="PASS">
          <reporter-output>
          </reporter-output>
        </test-method> <!-- ValidatingEmployeeDetailsNotSavedWithoutPassingAnyData -->
        <test-method is-config="true" signature="takeScreenshotOnFailure(org.testng.ITestResult)[pri:0, instance:testcase.EmployeeTest@1fc32e4f]" started-at="2023-12-27T22:57:00 IST" name="takeScreenshotOnFailure" finished-at="2023-12-27T22:57:00 IST" duration-ms="209" status="PASS">
          <params>
            <param index="0">
              <value>
                <![CDATA[[TestResult name=ValidatingEmployeeDetailsNotSavedWithoutPassingAnyData status=SUCCESS method=EmployeeTest.ValidatingEmployeeDetailsNotSavedWithoutPassingAnyData()[pri:3, instance:testcase.EmployeeTest@1fc32e4f] output={null}]]]>
              </value>
            </param>
          </params>
          <reporter-output>
          </reporter-output>
        </test-method> <!-- takeScreenshotOnFailure -->
        <test-method is-config="true" signature="setUp(java.lang.String,java.lang.String)[pri:0, instance:testcase.EmployeeTest@1fc32e4f]" started-at="2023-12-27T22:57:00 IST" name="setUp" finished-at="2023-12-27T22:57:03 IST" duration-ms="3056" status="PASS">
          <params>
            <param index="0">
              <value>
                <![CDATA[chrome]]>
              </value>
            </param>
            <param index="1">
              <value>
                <![CDATA[https://hrm.qabible.in/hrms/admin]]>
              </value>
            </param>
          </params>
          <reporter-output>
          </reporter-output>
        </test-method> <!-- setUp -->
        <test-method signature="ValidatingEmployeeDetailsSavedByPassingAllTheDatas()[pri:4, instance:testcase.EmployeeTest@1fc32e4f]" started-at="2023-12-27T22:57:03 IST" name="ValidatingEmployeeDetailsSavedByPassingAllTheDatas" finished-at="2023-12-27T22:57:11 IST" duration-ms="7740" status="PASS">
          <reporter-output>
          </reporter-output>
        </test-method> <!-- ValidatingEmployeeDetailsSavedByPassingAllTheDatas -->
        <test-method is-config="true" signature="takeScreenshotOnFailure(org.testng.ITestResult)[pri:0, instance:testcase.EmployeeTest@1fc32e4f]" started-at="2023-12-27T22:57:11 IST" name="takeScreenshotOnFailure" finished-at="2023-12-27T22:57:11 IST" duration-ms="199" status="PASS">
          <params>
            <param index="0">
              <value>
                <![CDATA[[TestResult name=ValidatingEmployeeDetailsSavedByPassingAllTheDatas status=SUCCESS method=EmployeeTest.ValidatingEmployeeDetailsSavedByPassingAllTheDatas()[pri:4, instance:testcase.EmployeeTest@1fc32e4f] output={null}]]]>
              </value>
            </param>
          </params>
          <reporter-output>
          </reporter-output>
        </test-method> <!-- takeScreenshotOnFailure -->
      </class> <!-- testcase.EmployeeTest -->
      <class name="testcase.OrganisationTests">
        <test-method is-config="true" signature="setUp(java.lang.String,java.lang.String)[pri:0, instance:testcase.OrganisationTests@2e48362c]" started-at="2023-12-27T22:55:50 IST" name="setUp" finished-at="2023-12-27T22:55:55 IST" duration-ms="4623" status="PASS">
          <params>
            <param index="0">
              <value>
                <![CDATA[chrome]]>
              </value>
            </param>
            <param index="1">
              <value>
                <![CDATA[https://hrm.qabible.in/hrms/admin]]>
              </value>
            </param>
          </params>
          <reporter-output>
          </reporter-output>
        </test-method> <!-- setUp -->
        <test-method signature="ValidatingOrganisationTestNotSavedWithoutPassingAnuData()[pri:1, instance:testcase.OrganisationTests@2e48362c]" started-at="2023-12-27T22:55:55 IST" name="ValidatingOrganisationTestNotSavedWithoutPassingAnuData" finished-at="2023-12-27T22:56:01 IST" duration-ms="6822" status="PASS">
          <reporter-output>
          </reporter-output>
        </test-method> <!-- ValidatingOrganisationTestNotSavedWithoutPassingAnuData -->
        <test-method is-config="true" signature="takeScreenshotOnFailure(org.testng.ITestResult)[pri:0, instance:testcase.OrganisationTests@2e48362c]" started-at="2023-12-27T22:56:01 IST" name="takeScreenshotOnFailure" finished-at="2023-12-27T22:56:02 IST" duration-ms="225" status="PASS">
          <params>
            <param index="0">
              <value>
                <![CDATA[[TestResult name=ValidatingOrganisationTestNotSavedWithoutPassingAnuData status=SUCCESS method=OrganisationTests.ValidatingOrganisationTestNotSavedWithoutPassingAnuData()[pri:1, instance:testcase.OrganisationTests@2e48362c] output={null}]]]>
              </value>
            </param>
          </params>
          <reporter-output>
          </reporter-output>
        </test-method> <!-- takeScreenshotOnFailure -->
        <test-method is-config="true" signature="setUp(java.lang.String,java.lang.String)[pri:0, instance:testcase.OrganisationTests@2e48362c]" started-at="2023-12-27T22:56:02 IST" name="setUp" finished-at="2023-12-27T22:56:05 IST" duration-ms="3618" status="PASS">
          <params>
            <param index="0">
              <value>
                <![CDATA[chrome]]>
              </value>
            </param>
            <param index="1">
              <value>
                <![CDATA[https://hrm.qabible.in/hrms/admin]]>
              </value>
            </param>
          </params>
          <reporter-output>
          </reporter-output>
        </test-method> <!-- setUp -->
        <test-method signature="ValidatingOrganisationTestNotSavedByPassingOnlyNameData()[pri:2, instance:testcase.OrganisationTests@2e48362c]" started-at="2023-12-27T22:56:05 IST" name="ValidatingOrganisationTestNotSavedByPassingOnlyNameData" finished-at="2023-12-27T22:56:11 IST" duration-ms="5809" status="PASS">
          <reporter-output>
          </reporter-output>
        </test-method> <!-- ValidatingOrganisationTestNotSavedByPassingOnlyNameData -->
        <test-method is-config="true" signature="takeScreenshotOnFailure(org.testng.ITestResult)[pri:0, instance:testcase.OrganisationTests@2e48362c]" started-at="2023-12-27T22:56:11 IST" name="takeScreenshotOnFailure" finished-at="2023-12-27T22:56:11 IST" duration-ms="224" status="PASS">
          <params>
            <param index="0">
              <value>
                <![CDATA[[TestResult name=ValidatingOrganisationTestNotSavedByPassingOnlyNameData status=SUCCESS method=OrganisationTests.ValidatingOrganisationTestNotSavedByPassingOnlyNameData()[pri:2, instance:testcase.OrganisationTests@2e48362c] output={null}]]]>
              </value>
            </param>
          </params>
          <reporter-output>
          </reporter-output>
        </test-method> <!-- takeScreenshotOnFailure -->
        <test-method is-config="true" signature="setUp(java.lang.String,java.lang.String)[pri:0, instance:testcase.OrganisationTests@2e48362c]" started-at="2023-12-27T22:56:11 IST" name="setUp" finished-at="2023-12-27T22:56:14 IST" duration-ms="3200" status="PASS">
          <params>
            <param index="0">
              <value>
                <![CDATA[chrome]]>
              </value>
            </param>
            <param index="1">
              <value>
                <![CDATA[https://hrm.qabible.in/hrms/admin]]>
              </value>
            </param>
          </params>
          <reporter-output>
          </reporter-output>
        </test-method> <!-- setUp -->
        <test-method signature="ValidatingOrganisationTestSavedByPassingAllTheDatas()[pri:3, instance:testcase.OrganisationTests@2e48362c]" started-at="2023-12-27T22:56:14 IST" name="ValidatingOrganisationTestSavedByPassingAllTheDatas" finished-at="2023-12-27T22:56:21 IST" duration-ms="6999" status="PASS">
          <reporter-output>
          </reporter-output>
        </test-method> <!-- ValidatingOrganisationTestSavedByPassingAllTheDatas -->
        <test-method is-config="true" signature="takeScreenshotOnFailure(org.testng.ITestResult)[pri:0, instance:testcase.OrganisationTests@2e48362c]" started-at="2023-12-27T22:56:21 IST" name="takeScreenshotOnFailure" finished-at="2023-12-27T22:56:22 IST" duration-ms="190" status="PASS">
          <params>
            <param index="0">
              <value>
                <![CDATA[[TestResult name=ValidatingOrganisationTestSavedByPassingAllTheDatas status=SUCCESS method=OrganisationTests.ValidatingOrganisationTestSavedByPassingAllTheDatas()[pri:3, instance:testcase.OrganisationTests@2e48362c] output={null}]]]>
              </value>
            </param>
          </params>
          <reporter-output>
          </reporter-output>
        </test-method> <!-- takeScreenshotOnFailure -->
      </class> <!-- testcase.OrganisationTests -->
    </test> <!-- Test_Chrome -->
  </suite> <!-- Suite -->
</testng-results>
